{"__type":"$$EventMessageAudit","id":"f2bc4490-64b0-4b7e-808b-345fbe440cc3","ts":"2026-03-15T17:02:54.090+00:00","eventName":"n8n.audit.workflow.created","message":"n8n.audit.workflow.created","payload":{"userId":"635f897e-e63b-49fa-92dd-61ac6d209158","_email":"tran26122003@gmail.com","_firstName":"Lộc","_lastName":"Trần Trân","globalRole":"global:owner","workflowId":"f_g61USYXBf_zcdEIYl2f","workflowName":"My workflow"}}
{"__type":"$$EventMessageConfirm","confirm":"f2bc4490-64b0-4b7e-808b-345fbe440cc3","ts":"2026-03-15T17:02:54.101+00:00","source":{"id":"0","name":"eventBus"}}
{"__type":"$$EventMessageWorkflow","id":"87e3f6c7-7512-464e-8fc1-2cfcd79dac55","ts":"2026-03-15T17:02:55.159+00:00","eventName":"n8n.workflow.started","message":"n8n.workflow.started","payload":{"executionId":"1","workflowId":"f_g61USYXBf_zcdEIYl2f","isManual":false,"workflowName":"My workflow"}}
{"__type":"$$EventMessageConfirm","confirm":"87e3f6c7-7512-464e-8fc1-2cfcd79dac55","ts":"2026-03-15T17:02:55.159+00:00","source":{"id":"0","name":"eventBus"}}
{"__type":"$$EventMessageNode","id":"0c6cb9e0-d9d2-4f67-9589-dc0fef37da7c","ts":"2026-03-15T17:02:55.162+00:00","eventName":"n8n.node.started","message":"n8n.node.started","payload":{"workflowId":"f_g61USYXBf_zcdEIYl2f","workflowName":"My workflow","executionId":"1","nodeType":"n8n-nodes-base.manualTrigger","nodeName":"When clicking ‘Execute workflow’","nodeId":"e39daef2-fb0a-4b38-bf5d-2c74be743de9"}}
{"__type":"$$EventMessageConfirm","confirm":"0c6cb9e0-d9d2-4f67-9589-dc0fef37da7c","ts":"2026-03-15T17:02:55.162+00:00","source":{"id":"0","name":"eventBus"}}
{"__type":"$$EventMessageNode","id":"dd990a7c-da70-4a97-a24f-c4d3f6a22cc9","ts":"2026-03-15T17:02:55.181+00:00","eventName":"n8n.node.finished","message":"n8n.node.finished","payload":{"workflowId":"f_g61USYXBf_zcdEIYl2f","workflowName":"My workflow","executionId":"1","nodeType":"n8n-nodes-base.manualTrigger","nodeName":"When clicking ‘Execute workflow’","nodeId":"e39daef2-fb0a-4b38-bf5d-2c74be743de9"}}
{"__type":"$$EventMessageConfirm","confirm":"dd990a7c-da70-4a97-a24f-c4d3f6a22cc9","ts":"2026-03-15T17:02:55.182+00:00","source":{"id":"0","name":"eventBus"}}
{"__type":"$$EventMessageWorkflow","id":"b8ecec3c-ab4f-49a0-be16-251018bccb5a","ts":"2026-03-15T17:02:55.206+00:00","eventName":"n8n.workflow.success","message":"n8n.workflow.success","payload":{"userId":"635f897e-e63b-49fa-92dd-61ac6d209158","executionId":"1","success":true,"isManual":true,"workflowId":"f_g61USYXBf_zcdEIYl2f","workflowName":"My workflow"}}
{"__type":"$$EventMessageConfirm","confirm":"b8ecec3c-ab4f-49a0-be16-251018bccb5a","ts":"2026-03-15T17:02:55.206+00:00","source":{"id":"0","name":"eventBus"}}
{"__type":"$$EventMessageWorkflow","id":"5e153197-5bb4-46cd-b809-78326f651a1b","ts":"2026-03-15T17:06:12.204+00:00","eventName":"n8n.workflow.started","message":"n8n.workflow.started","payload":{"executionId":"2","workflowId":"f_g61USYXBf_zcdEIYl2f","isManual":false,"workflowName":"My workflow"}}
{"__type":"$$EventMessageConfirm","confirm":"5e153197-5bb4-46cd-b809-78326f651a1b","ts":"2026-03-15T17:06:12.204+00:00","source":{"id":"0","name":"eventBus"}}
{"__type":"$$EventMessageNode","id":"efbab113-b135-4194-ba08-17210ce7e661","ts":"2026-03-15T17:06:12.205+00:00","eventName":"n8n.node.started","message":"n8n.node.started","payload":{"workflowId":"f_g61USYXBf_zcdEIYl2f","workflowName":"My workflow","executionId":"2","nodeType":"n8n-nodes-base.manualTrigger","nodeName":"When clicking ‘Execute workflow’","nodeId":"e39daef2-fb0a-4b38-bf5d-2c74be743de9"}}
{"__type":"$$EventMessageConfirm","confirm":"efbab113-b135-4194-ba08-17210ce7e661","ts":"2026-03-15T17:06:12.206+00:00","source":{"id":"0","name":"eventBus"}}
{"__type":"$$EventMessageNode","id":"4ff3c2ad-f0fc-4a93-b65d-6d4859ffab06","ts":"2026-03-15T17:06:12.215+00:00","eventName":"n8n.node.finished","message":"n8n.node.finished","payload":{"workflowId":"f_g61USYXBf_zcdEIYl2f","workflowName":"My workflow","executionId":"2","nodeType":"n8n-nodes-base.manualTrigger","nodeName":"When clicking ‘Execute workflow’","nodeId":"e39daef2-fb0a-4b38-bf5d-2c74be743de9"}}
{"__type":"$$EventMessageConfirm","confirm":"4ff3c2ad-f0fc-4a93-b65d-6d4859ffab06","ts":"2026-03-15T17:06:12.215+00:00","source":{"id":"0","name":"eventBus"}}
{"__type":"$$EventMessageNode","id":"3561a8b4-683f-4026-bc35-f7579625353c","ts":"2026-03-15T17:06:12.216+00:00","eventName":"n8n.node.started","message":"n8n.node.started","payload":{"workflowId":"f_g61USYXBf_zcdEIYl2f","workflowName":"My workflow","executionId":"2","nodeType":"n8n-nodes-base.html","nodeName":"HTML","nodeId":"c71dfb64-ccd0-498a-b0b7-1cdd19f3bbfc"}}
{"__type":"$$EventMessageConfirm","confirm":"3561a8b4-683f-4026-bc35-f7579625353c","ts":"2026-03-15T17:06:12.217+00:00","source":{"id":"0","name":"eventBus"}}
{"__type":"$$EventMessageNode","id":"7c00d647-e48b-4ced-9a42-40c0e2aaec3a","ts":"2026-03-15T17:06:12.221+00:00","eventName":"n8n.node.finished","message":"n8n.node.finished","payload":{"workflowId":"f_g61USYXBf_zcdEIYl2f","workflowName":"My workflow","executionId":"2","nodeType":"n8n-nodes-base.html","nodeName":"HTML","nodeId":"c71dfb64-ccd0-498a-b0b7-1cdd19f3bbfc"}}
{"__type":"$$EventMessageConfirm","confirm":"7c00d647-e48b-4ced-9a42-40c0e2aaec3a","ts":"2026-03-15T17:06:12.221+00:00","source":{"id":"0","name":"eventBus"}}
{"__type":"$$EventMessageWorkflow","id":"4f224ad9-0e56-4d26-a0d8-4b2e6665053b","ts":"2026-03-15T17:06:12.234+00:00","eventName":"n8n.workflow.success","message":"n8n.workflow.success","payload":{"userId":"635f897e-e63b-49fa-92dd-61ac6d209158","executionId":"2","success":true,"isManual":true,"workflowId":"f_g61USYXBf_zcdEIYl2f","workflowName":"My workflow"}}
{"__type":"$$EventMessageConfirm","confirm":"4f224ad9-0e56-4d26-a0d8-4b2e6665053b","ts":"2026-03-15T17:06:12.234+00:00","source":{"id":"0","name":"eventBus"}}
{"__type":"$$EventMessageWorkflow","id":"b68557aa-bb36-4473-bd15-32e44c2f834b","ts":"2026-03-15T17:06:19.839+00:00","eventName":"n8n.workflow.started","message":"n8n.workflow.started","payload":{"executionId":"3","workflowId":"f_g61USYXBf_zcdEIYl2f","isManual":false,"workflowName":"My workflow"}}
{"__type":"$$EventMessageConfirm","confirm":"b68557aa-bb36-4473-bd15-32e44c2f834b","ts":"2026-03-15T17:06:19.839+00:00","source":{"id":"0","name":"eventBus"}}
{"__type":"$$EventMessageNode","id":"4be4d4f3-7210-468f-8117-74a9ede31cc7","ts":"2026-03-15T17:06:19.841+00:00","eventName":"n8n.node.started","message":"n8n.node.started","payload":{"workflowId":"f_g61USYXBf_zcdEIYl2f","workflowName":"My workflow","executionId":"3","nodeType":"n8n-nodes-base.manualTrigger","nodeName":"When clicking ‘Execute workflow’","nodeId":"e39daef2-fb0a-4b38-bf5d-2c74be743de9"}}
{"__type":"$$EventMessageConfirm","confirm":"4be4d4f3-7210-468f-8117-74a9ede31cc7","ts":"2026-03-15T17:06:19.841+00:00","source":{"id":"0","name":"eventBus"}}
{"__type":"$$EventMessageNode","id":"5b8049f1-2cc9-4ad3-94d9-904a2e5eaa45","ts":"2026-03-15T17:06:19.842+00:00","eventName":"n8n.node.finished","message":"n8n.node.finished","payload":{"workflowId":"f_g61USYXBf_zcdEIYl2f","workflowName":"My workflow","executionId":"3","nodeType":"n8n-nodes-base.manualTrigger","nodeName":"When clicking ‘Execute workflow’","nodeId":"e39daef2-fb0a-4b38-bf5d-2c74be743de9"}}
{"__type":"$$EventMessageConfirm","confirm":"5b8049f1-2cc9-4ad3-94d9-904a2e5eaa45","ts":"2026-03-15T17:06:19.842+00:00","source":{"id":"0","name":"eventBus"}}
{"__type":"$$EventMessageNode","id":"0e975d63-4f2a-46ef-b532-6e3bd01f8c2f","ts":"2026-03-15T17:06:19.843+00:00","eventName":"n8n.node.started","message":"n8n.node.started","payload":{"workflowId":"f_g61USYXBf_zcdEIYl2f","workflowName":"My workflow","executionId":"3","nodeType":"n8n-nodes-base.html","nodeName":"HTML","nodeId":"c71dfb64-ccd0-498a-b0b7-1cdd19f3bbfc"}}
{"__type":"$$EventMessageConfirm","confirm":"0e975d63-4f2a-46ef-b532-6e3bd01f8c2f","ts":"2026-03-15T17:06:19.843+00:00","source":{"id":"0","name":"eventBus"}}
{"__type":"$$EventMessageNode","id":"80f7f220-de48-4401-850a-53ce52fe340c","ts":"2026-03-15T17:06:19.844+00:00","eventName":"n8n.node.finished","message":"n8n.node.finished","payload":{"workflowId":"f_g61USYXBf_zcdEIYl2f","workflowName":"My workflow","executionId":"3","nodeType":"n8n-nodes-base.html","nodeName":"HTML","nodeId":"c71dfb64-ccd0-498a-b0b7-1cdd19f3bbfc"}}
{"__type":"$$EventMessageConfirm","confirm":"80f7f220-de48-4401-850a-53ce52fe340c","ts":"2026-03-15T17:06:19.844+00:00","source":{"id":"0","name":"eventBus"}}
{"__type":"$$EventMessageWorkflow","id":"0f4dc394-d36e-45f0-bb58-2bdfef2ae91b","ts":"2026-03-15T17:06:19.855+00:00","eventName":"n8n.workflow.success","message":"n8n.workflow.success","payload":{"userId":"635f897e-e63b-49fa-92dd-61ac6d209158","executionId":"3","success":true,"isManual":true,"workflowId":"f_g61USYXBf_zcdEIYl2f","workflowName":"My workflow"}}
{"__type":"$$EventMessageConfirm","confirm":"0f4dc394-d36e-45f0-bb58-2bdfef2ae91b","ts":"2026-03-15T17:06:19.855+00:00","source":{"id":"0","name":"eventBus"}}
{"__type":"$$EventMessageWorkflow","id":"11643303-bece-4c51-b771-e9ebcd9758d9","ts":"2026-03-15T17:06:20.647+00:00","eventName":"n8n.workflow.started","message":"n8n.workflow.started","payload":{"executionId":"4","workflowId":"f_g61USYXBf_zcdEIYl2f","isManual":false,"workflowName":"My workflow"}}
{"__type":"$$EventMessageConfirm","confirm":"11643303-bece-4c51-b771-e9ebcd9758d9","ts":"2026-03-15T17:06:20.648+00:00","source":{"id":"0","name":"eventBus"}}
{"__type":"$$EventMessageNode","id":"ca877746-3e6d-4288-9ed0-830ff29fb992","ts":"2026-03-15T17:06:20.649+00:00","eventName":"n8n.node.started","message":"n8n.node.started","payload":{"workflowId":"f_g61USYXBf_zcdEIYl2f","workflowName":"My workflow","executionId":"4","nodeType":"n8n-nodes-base.manualTrigger","nodeName":"When clicking ‘Execute workflow’","nodeId":"e39daef2-fb0a-4b38-bf5d-2c74be743de9"}}
{"__type":"$$EventMessageConfirm","confirm":"ca877746-3e6d-4288-9ed0-830ff29fb992","ts":"2026-03-15T17:06:20.649+00:00","source":{"id":"0","name":"eventBus"}}
{"__type":"$$EventMessageNode","id":"324b89cc-2e7d-4943-ada7-1ad008628d5d","ts":"2026-03-15T17:06:20.656+00:00","eventName":"n8n.node.finished","message":"n8n.node.finished","payload":{"workflowId":"f_g61USYXBf_zcdEIYl2f","workflowName":"My workflow","executionId":"4","nodeType":"n8n-nodes-base.manualTrigger","nodeName":"When clicking ‘Execute workflow’","nodeId":"e39daef2-fb0a-4b38-bf5d-2c74be743de9"}}
{"__type":"$$EventMessageConfirm","confirm":"324b89cc-2e7d-4943-ada7-1ad008628d5d","ts":"2026-03-15T17:06:20.656+00:00","source":{"id":"0","name":"eventBus"}}
{"__type":"$$EventMessageNode","id":"e8008745-69d3-4619-82dc-15c647180f5c","ts":"2026-03-15T17:06:20.657+00:00","eventName":"n8n.node.started","message":"n8n.node.started","payload":{"workflowId":"f_g61USYXBf_zcdEIYl2f","workflowName":"My workflow","executionId":"4","nodeType":"n8n-nodes-base.html","nodeName":"HTML","nodeId":"c71dfb64-ccd0-498a-b0b7-1cdd19f3bbfc"}}
{"__type":"$$EventMessageConfirm","confirm":"e8008745-69d3-4619-82dc-15c647180f5c","ts":"2026-03-15T17:06:20.657+00:00","source":{"id":"0","name":"eventBus"}}
{"__type":"$$EventMessageNode","id":"35ed56d6-bd97-44b1-b3b3-f9f2f72d7cdc","ts":"2026-03-15T17:06:20.658+00:00","eventName":"n8n.node.finished","message":"n8n.node.finished","payload":{"workflowId":"f_g61USYXBf_zcdEIYl2f","workflowName":"My workflow","executionId":"4","nodeType":"n8n-nodes-base.html","nodeName":"HTML","nodeId":"c71dfb64-ccd0-498a-b0b7-1cdd19f3bbfc"}}
{"__type":"$$EventMessageConfirm","confirm":"35ed56d6-bd97-44b1-b3b3-f9f2f72d7cdc","ts":"2026-03-15T17:06:20.658+00:00","source":{"id":"0","name":"eventBus"}}
{"__type":"$$EventMessageWorkflow","id":"b4ac0a61-2e8a-4ad5-be39-c45a7bfb291f","ts":"2026-03-15T17:06:20.660+00:00","eventName":"n8n.workflow.success","message":"n8n.workflow.success","payload":{"userId":"635f897e-e63b-49fa-92dd-61ac6d209158","executionId":"4","success":true,"isManual":true,"workflowId":"f_g61USYXBf_zcdEIYl2f","workflowName":"My workflow"}}
{"__type":"$$EventMessageConfirm","confirm":"b4ac0a61-2e8a-4ad5-be39-c45a7bfb291f","ts":"2026-03-15T17:06:20.660+00:00","source":{"id":"0","name":"eventBus"}}
{"__type":"$$EventMessageWorkflow","id":"18b3d139-75bd-487a-9b2f-7df1209352bd","ts":"2026-03-15T17:06:21.260+00:00","eventName":"n8n.workflow.started","message":"n8n.workflow.started","payload":{"executionId":"5","workflowId":"f_g61USYXBf_zcdEIYl2f","isManual":false,"workflowName":"My workflow"}}
{"__type":"$$EventMessageConfirm","confirm":"18b3d139-75bd-487a-9b2f-7df1209352bd","ts":"2026-03-15T17:06:21.260+00:00","source":{"id":"0","name":"eventBus"}}
{"__type":"$$EventMessageNode","id":"eb1e6bc7-279e-4aeb-b1a6-cd9c72a6e16c","ts":"2026-03-15T17:06:21.264+00:00","eventName":"n8n.node.started","message":"n8n.node.started","payload":{"workflowId":"f_g61USYXBf_zcdEIYl2f","workflowName":"My workflow","executionId":"5","nodeType":"n8n-nodes-base.manualTrigger","nodeName":"When clicking ‘Execute workflow’","nodeId":"e39daef2-fb0a-4b38-bf5d-2c74be743de9"}}
{"__type":"$$EventMessageConfirm","confirm":"eb1e6bc7-279e-4aeb-b1a6-cd9c72a6e16c","ts":"2026-03-15T17:06:21.264+00:00","source":{"id":"0","name":"eventBus"}}
{"__type":"$$EventMessageNode","id":"e0ce80b4-131d-4a77-a560-b3821c055ec0","ts":"2026-03-15T17:06:21.265+00:00","eventName":"n8n.node.finished","message":"n8n.node.finished","payload":{"workflowId":"f_g61USYXBf_zcdEIYl2f","workflowName":"My workflow","executionId":"5","nodeType":"n8n-nodes-base.manualTrigger","nodeName":"When clicking ‘Execute workflow’","nodeId":"e39daef2-fb0a-4b38-bf5d-2c74be743de9"}}
{"__type":"$$EventMessageConfirm","confirm":"e0ce80b4-131d-4a77-a560-b3821c055ec0","ts":"2026-03-15T17:06:21.265+00:00","source":{"id":"0","name":"eventBus"}}
{"__type":"$$EventMessageNode","id":"bf82a1b5-f034-4381-a0e0-c6358f6cd266","ts":"2026-03-15T17:06:21.266+00:00","eventName":"n8n.node.started","message":"n8n.node.started","payload":{"workflowId":"f_g61USYXBf_zcdEIYl2f","workflowName":"My workflow","executionId":"5","nodeType":"n8n-nodes-base.html","nodeName":"HTML","nodeId":"c71dfb64-ccd0-498a-b0b7-1cdd19f3bbfc"}}
{"__type":"$$EventMessageConfirm","confirm":"bf82a1b5-f034-4381-a0e0-c6358f6cd266","ts":"2026-03-15T17:06:21.266+00:00","source":{"id":"0","name":"eventBus"}}
{"__type":"$$EventMessageNode","id":"1bf74d2d-5000-420b-ae79-c68ffc1ed44e","ts":"2026-03-15T17:06:21.268+00:00","eventName":"n8n.node.finished","message":"n8n.node.finished","payload":{"workflowId":"f_g61USYXBf_zcdEIYl2f","workflowName":"My workflow","executionId":"5","nodeType":"n8n-nodes-base.html","nodeName":"HTML","nodeId":"c71dfb64-ccd0-498a-b0b7-1cdd19f3bbfc"}}
{"__type":"$$EventMessageConfirm","confirm":"1bf74d2d-5000-420b-ae79-c68ffc1ed44e","ts":"2026-03-15T17:06:21.268+00:00","source":{"id":"0","name":"eventBus"}}
{"__type":"$$EventMessageWorkflow","id":"8e403f1e-007b-4592-b28c-c36a79db7a16","ts":"2026-03-15T17:06:21.270+00:00","eventName":"n8n.workflow.success","message":"n8n.workflow.success","payload":{"userId":"635f897e-e63b-49fa-92dd-61ac6d209158","executionId":"5","success":true,"isManual":true,"workflowId":"f_g61USYXBf_zcdEIYl2f","workflowName":"My workflow"}}
{"__type":"$$EventMessageConfirm","confirm":"8e403f1e-007b-4592-b28c-c36a79db7a16","ts":"2026-03-15T17:06:21.270+00:00","source":{"id":"0","name":"eventBus"}}
{"__type":"$$EventMessageWorkflow","id":"79e0525c-44b5-4be2-8cb5-f6cc5a91cde2","ts":"2026-03-15T17:06:21.944+00:00","eventName":"n8n.workflow.started","message":"n8n.workflow.started","payload":{"executionId":"6","workflowId":"f_g61USYXBf_zcdEIYl2f","isManual":false,"workflowName":"My workflow"}}
{"__type":"$$EventMessageConfirm","confirm":"79e0525c-44b5-4be2-8cb5-f6cc5a91cde2","ts":"2026-03-15T17:06:21.944+00:00","source":{"id":"0","name":"eventBus"}}
{"__type":"$$EventMessageNode","id":"3d2e6537-bd6d-478f-91ea-0df7c4a33ebe","ts":"2026-03-15T17:06:21.945+00:00","eventName":"n8n.node.started","message":"n8n.node.started","payload":{"workflowId":"f_g61USYXBf_zcdEIYl2f","workflowName":"My workflow","executionId":"6","nodeType":"n8n-nodes-base.manualTrigger","nodeName":"When clicking ‘Execute workflow’","nodeId":"e39daef2-fb0a-4b38-bf5d-2c74be743de9"}}
{"__type":"$$EventMessageConfirm","confirm":"3d2e6537-bd6d-478f-91ea-0df7c4a33ebe","ts":"2026-03-15T17:06:21.945+00:00","source":{"id":"0","name":"eventBus"}}
{"__type":"$$EventMessageNode","id":"c8ed57db-1421-4767-9664-e0eb21d7dc8e","ts":"2026-03-15T17:06:21.946+00:00","eventName":"n8n.node.finished","message":"n8n.node.finished","payload":{"workflowId":"f_g61USYXBf_zcdEIYl2f","workflowName":"My workflow","executionId":"6","nodeType":"n8n-nodes-base.manualTrigger","nodeName":"When clicking ‘Execute workflow’","nodeId":"e39daef2-fb0a-4b38-bf5d-2c74be743de9"}}
{"__type":"$$EventMessageConfirm","confirm":"c8ed57db-1421-4767-9664-e0eb21d7dc8e","ts":"2026-03-15T17:06:21.946+00:00","source":{"id":"0","name":"eventBus"}}
{"__type":"$$EventMessageNode","id":"edc1da5f-e430-485a-9c1d-00c3644b5799","ts":"2026-03-15T17:06:21.946+00:00","eventName":"n8n.node.started","message":"n8n.node.started","payload":{"workflowId":"f_g61USYXBf_zcdEIYl2f","workflowName":"My workflow","executionId":"6","nodeType":"n8n-nodes-base.html","nodeName":"HTML","nodeId":"c71dfb64-ccd0-498a-b0b7-1cdd19f3bbfc"}}
{"__type":"$$EventMessageConfirm","confirm":"edc1da5f-e430-485a-9c1d-00c3644b5799","ts":"2026-03-15T17:06:21.946+00:00","source":{"id":"0","name":"eventBus"}}
{"__type":"$$EventMessageNode","id":"17a8108c-6627-46eb-813e-31ccb5bbd0d6","ts":"2026-03-15T17:06:21.948+00:00","eventName":"n8n.node.finished","message":"n8n.node.finished","payload":{"workflowId":"f_g61USYXBf_zcdEIYl2f","workflowName":"My workflow","executionId":"6","nodeType":"n8n-nodes-base.html","nodeName":"HTML","nodeId":"c71dfb64-ccd0-498a-b0b7-1cdd19f3bbfc"}}
{"__type":"$$EventMessageConfirm","confirm":"17a8108c-6627-46eb-813e-31ccb5bbd0d6","ts":"2026-03-15T17:06:21.948+00:00","source":{"id":"0","name":"eventBus"}}
{"__type":"$$EventMessageWorkflow","id":"daad7a88-5ff5-44ad-8f9d-1ef2580bea84","ts":"2026-03-15T17:06:21.950+00:00","eventName":"n8n.workflow.success","message":"n8n.workflow.success","payload":{"userId":"635f897e-e63b-49fa-92dd-61ac6d209158","executionId":"6","success":true,"isManual":true,"workflowId":"f_g61USYXBf_zcdEIYl2f","workflowName":"My workflow"}}
{"__type":"$$EventMessageConfirm","confirm":"daad7a88-5ff5-44ad-8f9d-1ef2580bea84","ts":"2026-03-15T17:06:21.950+00:00","source":{"id":"0","name":"eventBus"}}
{"__type":"$$EventMessageAudit","id":"35ec3418-6185-433e-80d1-c907edb63013","ts":"2026-03-15T17:06:24.075+00:00","eventName":"n8n.audit.workflow.updated","message":"n8n.audit.workflow.updated","payload":{"userId":"635f897e-e63b-49fa-92dd-61ac6d209158","_email":"tran26122003@gmail.com","_firstName":"Lộc","_lastName":"Trần Trân","globalRole":"global:owner","workflowId":"f_g61USYXBf_zcdEIYl2f","workflowName":"My workflow"}}
{"__type":"$$EventMessageConfirm","confirm":"35ec3418-6185-433e-80d1-c907edb63013","ts":"2026-03-15T17:06:24.075+00:00","source":{"id":"0","name":"eventBus"}}
{"__type":"$$EventMessageWorkflow","id":"ef4980b6-f037-4906-9c3f-d6fe2a761c52","ts":"2026-03-15T17:08:26.367+00:00","eventName":"n8n.workflow.started","message":"n8n.workflow.started","payload":{"executionId":"7","workflowId":"f_g61USYXBf_zcdEIYl2f","isManual":false,"workflowName":"My workflow"}}
{"__type":"$$EventMessageConfirm","confirm":"ef4980b6-f037-4906-9c3f-d6fe2a761c52","ts":"2026-03-15T17:08:26.368+00:00","source":{"id":"0","name":"eventBus"}}
{"__type":"$$EventMessageNode","id":"8fa701db-707d-4436-8640-b391ab10248c","ts":"2026-03-15T17:08:26.369+00:00","eventName":"n8n.node.started","message":"n8n.node.started","payload":{"workflowId":"f_g61USYXBf_zcdEIYl2f","workflowName":"My workflow","executionId":"7","nodeType":"n8n-nodes-base.manualTrigger","nodeName":"When clicking ‘Execute workflow’","nodeId":"4363a78e-7617-426a-8a41-e8e65a534988"}}
{"__type":"$$EventMessageConfirm","confirm":"8fa701db-707d-4436-8640-b391ab10248c","ts":"2026-03-15T17:08:26.369+00:00","source":{"id":"0","name":"eventBus"}}
{"__type":"$$EventMessageNode","id":"766442ec-9e6a-4bf2-a5d8-7ea6aad2a899","ts":"2026-03-15T17:08:26.370+00:00","eventName":"n8n.node.finished","message":"n8n.node.finished","payload":{"workflowId":"f_g61USYXBf_zcdEIYl2f","workflowName":"My workflow","executionId":"7","nodeType":"n8n-nodes-base.manualTrigger","nodeName":"When clicking ‘Execute workflow’","nodeId":"4363a78e-7617-426a-8a41-e8e65a534988"}}
{"__type":"$$EventMessageConfirm","confirm":"766442ec-9e6a-4bf2-a5d8-7ea6aad2a899","ts":"2026-03-15T17:08:26.370+00:00","source":{"id":"0","name":"eventBus"}}
{"__type":"$$EventMessageNode","id":"37ff2173-1a23-4076-805c-62596d469497","ts":"2026-03-15T17:08:26.371+00:00","eventName":"n8n.node.started","message":"n8n.node.started","payload":{"workflowId":"f_g61USYXBf_zcdEIYl2f","workflowName":"My workflow","executionId":"7","nodeType":"n8n-nodes-base.html","nodeName":"HTML","nodeId":"cebf7bfb-e323-43f0-a364-2307d7fe8c03"}}
{"__type":"$$EventMessageConfirm","confirm":"37ff2173-1a23-4076-805c-62596d469497","ts":"2026-03-15T17:08:26.371+00:00","source":{"id":"0","name":"eventBus"}}
{"__type":"$$EventMessageNode","id":"113820ff-9f1d-4cb2-85bc-d25d5d166004","ts":"2026-03-15T17:08:26.378+00:00","eventName":"n8n.node.finished","message":"n8n.node.finished","payload":{"workflowId":"f_g61USYXBf_zcdEIYl2f","workflowName":"My workflow","executionId":"7","nodeType":"n8n-nodes-base.html","nodeName":"HTML","nodeId":"cebf7bfb-e323-43f0-a364-2307d7fe8c03"}}
{"__type":"$$EventMessageConfirm","confirm":"113820ff-9f1d-4cb2-85bc-d25d5d166004","ts":"2026-03-15T17:08:26.378+00:00","source":{"id":"0","name":"eventBus"}}
{"__type":"$$EventMessageWorkflow","id":"bc845e5b-ed34-450b-bef1-f5d00070ff97","ts":"2026-03-15T17:08:26.380+00:00","eventName":"n8n.workflow.success","message":"n8n.workflow.success","payload":{"userId":"635f897e-e63b-49fa-92dd-61ac6d209158","executionId":"7","success":true,"isManual":true,"workflowId":"f_g61USYXBf_zcdEIYl2f","workflowName":"My workflow"}}
{"__type":"$$EventMessageConfirm","confirm":"bc845e5b-ed34-450b-bef1-f5d00070ff97","ts":"2026-03-15T17:08:26.380+00:00","source":{"id":"0","name":"eventBus"}}
{"__type":"$$EventMessageWorkflow","id":"c888c6f5-be1c-4230-85d3-c6a8c721ebe7","ts":"2026-03-15T17:09:45.812+00:00","eventName":"n8n.workflow.started","message":"n8n.workflow.started","payload":{"executionId":"8","workflowId":"f_g61USYXBf_zcdEIYl2f","isManual":false,"workflowName":"My workflow"}}
{"__type":"$$EventMessageConfirm","confirm":"c888c6f5-be1c-4230-85d3-c6a8c721ebe7","ts":"2026-03-15T17:09:45.812+00:00","source":{"id":"0","name":"eventBus"}}
{"__type":"$$EventMessageNode","id":"e9fd8233-c580-4a59-a5d7-4d7d4a6c5dc3","ts":"2026-03-15T17:09:45.813+00:00","eventName":"n8n.node.started","message":"n8n.node.started","payload":{"workflowId":"f_g61USYXBf_zcdEIYl2f","workflowName":"My workflow","executionId":"8","nodeType":"n8n-nodes-base.manualTrigger","nodeName":"When clicking ‘Execute workflow’","nodeId":"4363a78e-7617-426a-8a41-e8e65a534988"}}
{"__type":"$$EventMessageConfirm","confirm":"e9fd8233-c580-4a59-a5d7-4d7d4a6c5dc3","ts":"2026-03-15T17:09:45.813+00:00","source":{"id":"0","name":"eventBus"}}
{"__type":"$$EventMessageNode","id":"5beee643-f2c2-4eac-ad89-2defb426f6c9","ts":"2026-03-15T17:09:45.814+00:00","eventName":"n8n.node.finished","message":"n8n.node.finished","payload":{"workflowId":"f_g61USYXBf_zcdEIYl2f","workflowName":"My workflow","executionId":"8","nodeType":"n8n-nodes-base.manualTrigger","nodeName":"When clicking ‘Execute workflow’","nodeId":"4363a78e-7617-426a-8a41-e8e65a534988"}}
{"__type":"$$EventMessageConfirm","confirm":"5beee643-f2c2-4eac-ad89-2defb426f6c9","ts":"2026-03-15T17:09:45.814+00:00","source":{"id":"0","name":"eventBus"}}
{"__type":"$$EventMessageNode","id":"54d39754-29b6-46f6-ac8d-4a26b8e01a4e","ts":"2026-03-15T17:09:45.815+00:00","eventName":"n8n.node.started","message":"n8n.node.started","payload":{"workflowId":"f_g61USYXBf_zcdEIYl2f","workflowName":"My workflow","executionId":"8","nodeType":"n8n-nodes-base.html","nodeName":"HTML","nodeId":"cebf7bfb-e323-43f0-a364-2307d7fe8c03"}}
{"__type":"$$EventMessageConfirm","confirm":"54d39754-29b6-46f6-ac8d-4a26b8e01a4e","ts":"2026-03-15T17:09:45.815+00:00","source":{"id":"0","name":"eventBus"}}
{"__type":"$$EventMessageNode","id":"f0120961-e314-407c-b899-2fc2caeb387f","ts":"2026-03-15T17:09:45.816+00:00","eventName":"n8n.node.finished","message":"n8n.node.finished","payload":{"workflowId":"f_g61USYXBf_zcdEIYl2f","workflowName":"My workflow","executionId":"8","nodeType":"n8n-nodes-base.html","nodeName":"HTML","nodeId":"cebf7bfb-e323-43f0-a364-2307d7fe8c03"}}
{"__type":"$$EventMessageConfirm","confirm":"f0120961-e314-407c-b899-2fc2caeb387f","ts":"2026-03-15T17:09:45.816+00:00","source":{"id":"0","name":"eventBus"}}
{"__type":"$$EventMessageWorkflow","id":"bf7bdba9-db7f-445e-a65a-cafdd7542028","ts":"2026-03-15T17:09:45.828+00:00","eventName":"n8n.workflow.success","message":"n8n.workflow.success","payload":{"userId":"635f897e-e63b-49fa-92dd-61ac6d209158","executionId":"8","success":true,"isManual":true,"workflowId":"f_g61USYXBf_zcdEIYl2f","workflowName":"My workflow"}}
{"__type":"$$EventMessageConfirm","confirm":"bf7bdba9-db7f-445e-a65a-cafdd7542028","ts":"2026-03-15T17:09:45.828+00:00","source":{"id":"0","name":"eventBus"}}
{"__type":"$$EventMessageWorkflow","id":"7be90966-276a-4b33-9303-d705fa8c49fd","ts":"2026-03-15T17:09:47.943+00:00","eventName":"n8n.workflow.started","message":"n8n.workflow.started","payload":{"executionId":"9","workflowId":"f_g61USYXBf_zcdEIYl2f","isManual":false,"workflowName":"My workflow"}}
{"__type":"$$EventMessageConfirm","confirm":"7be90966-276a-4b33-9303-d705fa8c49fd","ts":"2026-03-15T17:09:47.943+00:00","source":{"id":"0","name":"eventBus"}}
{"__type":"$$EventMessageNode","id":"a610a4a3-3737-4a19-bf60-c955eac3358a","ts":"2026-03-15T17:09:47.944+00:00","eventName":"n8n.node.started","message":"n8n.node.started","payload":{"workflowId":"f_g61USYXBf_zcdEIYl2f","workflowName":"My workflow","executionId":"9","nodeType":"n8n-nodes-base.httpRequest","nodeName":"HTTP Request","nodeId":"457e5e8f-a4f6-4c3e-a4e9-a8ff61a4c007"}}
{"__type":"$$EventMessageConfirm","confirm":"a610a4a3-3737-4a19-bf60-c955eac3358a","ts":"2026-03-15T17:09:47.944+00:00","source":{"id":"0","name":"eventBus"}}
{"__type":"$$EventMessageNode","id":"a1a2881d-a3d3-4041-b7c6-f65c3c0df04c","ts":"2026-03-15T17:09:50.326+00:00","eventName":"n8n.node.finished","message":"n8n.node.finished","payload":{"workflowId":"f_g61USYXBf_zcdEIYl2f","workflowName":"My workflow","executionId":"9","nodeType":"n8n-nodes-base.httpRequest","nodeName":"HTTP Request","nodeId":"457e5e8f-a4f6-4c3e-a4e9-a8ff61a4c007"}}
{"__type":"$$EventMessageConfirm","confirm":"a1a2881d-a3d3-4041-b7c6-f65c3c0df04c","ts":"2026-03-15T17:09:50.326+00:00","source":{"id":"0","name":"eventBus"}}
{"__type":"$$EventMessageWorkflow","id":"069e25ae-b2d1-4b94-b0ab-56db9cf074bc","ts":"2026-03-15T17:09:50.330+00:00","eventName":"n8n.workflow.success","message":"n8n.workflow.success","payload":{"userId":"635f897e-e63b-49fa-92dd-61ac6d209158","executionId":"9","success":true,"isManual":true,"workflowId":"f_g61USYXBf_zcdEIYl2f","workflowName":"My workflow"}}
{"__type":"$$EventMessageConfirm","confirm":"069e25ae-b2d1-4b94-b0ab-56db9cf074bc","ts":"2026-03-15T17:09:50.330+00:00","source":{"id":"0","name":"eventBus"}}
